<?xml version="1.0" encoding="UTF-8"?>
<!-- Generated by org.testng.reporters.JUnitReportReporter -->
<testsuite hostname="nandakiran-nfl" failures="0" tests="3" name="tests.CreateAccountTests" time="0.914" errors="1" timestamp="2025-08-29T17:51:46 IST" skipped="2">
  <testcase classname="tests.CreateAccountTests" name="openBrowsser" time="0.914">
    <error message="Error {
  message=&#039;Cookie should have a url or a domain/path pair
  name=&#039;Error
  stack=&#039;Error: Cookie should have a url or a domain/path pair
    at assert (C:\Users\nanda\AppData\Local\Temp\playwright-java-12635121006539075792\package\lib\utils\isomorphic\assert.js:26:11)
    at C:\Users\nanda\AppData\Local\Temp\playwright-java-12635121006539075792\package\lib\server\network.js:63:29
    at Array.map (&lt;anonymous&gt;)
    at Object.rewriteCookies (C:\Users\nanda\AppData\Local\Temp\playwright-java-12635121006539075792\package\lib\server\network.js:62:18)
    at CRBrowserContext.addCookies (C:\Users\nanda\AppData\Local\Temp\playwright-java-12635121006539075792\package\lib\server\chromium\crBrowser.js:346:80)
    at BrowserContextDispatcher.addCookies (C:\Users\nanda\AppData\Local\Temp\playwright-java-12635121006539075792\package\lib\server\dispatchers\browserContextDispatcher.js:230:25)
    at BrowserContextDispatcher._handleCommand (C:\Users\nanda\AppData\Local\Temp\playwright-java-12635121006539075792\package\lib\server\dispatchers\dispatcher.js:88:40)
    at DispatcherConnection.dispatch (C:\Users\nanda\AppData\Local\Temp\playwright-java-12635121006539075792\package\lib\server\dispatchers\dispatcher.js:309:39)
}" type="com.microsoft.playwright.PlaywrightException">
      <![CDATA[com.microsoft.playwright.PlaywrightException: Error {
  message='Cookie should have a url or a domain/path pair
  name='Error
  stack='Error: Cookie should have a url or a domain/path pair
    at assert (C:\Users\nanda\AppData\Local\Temp\playwright-java-12635121006539075792\package\lib\utils\isomorphic\assert.js:26:11)
    at C:\Users\nanda\AppData\Local\Temp\playwright-java-12635121006539075792\package\lib\server\network.js:63:29
    at Array.map (<anonymous>)
    at Object.rewriteCookies (C:\Users\nanda\AppData\Local\Temp\playwright-java-12635121006539075792\package\lib\server\network.js:62:18)
    at CRBrowserContext.addCookies (C:\Users\nanda\AppData\Local\Temp\playwright-java-12635121006539075792\package\lib\server\chromium\crBrowser.js:346:80)
    at BrowserContextDispatcher.addCookies (C:\Users\nanda\AppData\Local\Temp\playwright-java-12635121006539075792\package\lib\server\dispatchers\browserContextDispatcher.js:230:25)
    at BrowserContextDispatcher._handleCommand (C:\Users\nanda\AppData\Local\Temp\playwright-java-12635121006539075792\package\lib\server\dispatchers\dispatcher.js:88:40)
    at DispatcherConnection.dispatch (C:\Users\nanda\AppData\Local\Temp\playwright-java-12635121006539075792\package\lib\server\dispatchers\dispatcher.js:309:39)
}
at com.microsoft.playwright.impl.WaitableResult.get(WaitableResult.java:56)
at com.microsoft.playwright.impl.ChannelOwner.runUntil(ChannelOwner.java:138)
at com.microsoft.playwright.impl.Connection.sendMessage(Connection.java:131)
at com.microsoft.playwright.impl.ChannelOwner.sendMessage(ChannelOwner.java:124)
at com.microsoft.playwright.impl.BrowserContextImpl.addCookies(BrowserContextImpl.java:322)
at generic.BaseTest.openBrowsser(BaseTest.java:33)
at java.base/jdk.internal.reflect.NativeMethodAccessorImpl.invoke0(Native Method)
at java.base/jdk.internal.reflect.NativeMethodAccessorImpl.invoke(NativeMethodAccessorImpl.java:77)
at java.base/jdk.internal.reflect.DelegatingMethodAccessorImpl.invoke(DelegatingMethodAccessorImpl.java:43)
at java.base/java.lang.reflect.Method.invoke(Method.java:568)
at org.testng.internal.invokers.MethodInvocationHelper.invokeMethod(MethodInvocationHelper.java:141)
at org.testng.internal.invokers.MethodInvocationHelper.invokeMethodConsideringTimeout(MethodInvocationHelper.java:71)
at org.testng.internal.invokers.ConfigInvoker.invokeConfigurationMethod(ConfigInvoker.java:400)
at org.testng.internal.invokers.ConfigInvoker.invokeConfigurations(ConfigInvoker.java:333)
at org.testng.internal.invokers.TestMethodWorker.invokeBeforeClassMethods(TestMethodWorker.java:188)
at org.testng.internal.invokers.TestMethodWorker.run(TestMethodWorker.java:128)
at java.base/java.util.ArrayList.forEach(ArrayList.java:1511)
at org.testng.TestRunner.privateRun(TestRunner.java:739)
at org.testng.TestRunner.run(TestRunner.java:614)
at org.testng.SuiteRunner.runTest(SuiteRunner.java:421)
at org.testng.SuiteRunner.runSequentially(SuiteRunner.java:413)
at org.testng.SuiteRunner.privateRun(SuiteRunner.java:373)
at org.testng.SuiteRunner.run(SuiteRunner.java:312)
at org.testng.SuiteRunnerWorker.runSuite(SuiteRunnerWorker.java:52)
at org.testng.SuiteRunnerWorker.run(SuiteRunnerWorker.java:95)
at org.testng.TestNG.runSuitesSequentially(TestNG.java:1274)
at org.testng.TestNG.runSuitesLocally(TestNG.java:1208)
at org.testng.TestNG.runSuites(TestNG.java:1112)
at org.testng.TestNG.run(TestNG.java:1079)
at org.testng.remote.AbstractRemoteTestNG.run(AbstractRemoteTestNG.java:115)
at org.testng.remote.RemoteTestNG.initAndRun(RemoteTestNG.java:293)
at org.testng.remote.RemoteTestNG.main(RemoteTestNG.java:91)
Caused by: com.microsoft.playwright.impl.DriverException: Error {
  message='Cookie should have a url or a domain/path pair
  name='Error
  stack='Error: Cookie should have a url or a domain/path pair
    at assert (C:\Users\nanda\AppData\Local\Temp\playwright-java-12635121006539075792\package\lib\utils\isomorphic\assert.js:26:11)
    at C:\Users\nanda\AppData\Local\Temp\playwright-java-12635121006539075792\package\lib\server\network.js:63:29
    at Array.map (<anonymous>)
    at Object.rewriteCookies (C:\Users\nanda\AppData\Local\Temp\playwright-java-12635121006539075792\package\lib\server\network.js:62:18)
    at CRBrowserContext.addCookies (C:\Users\nanda\AppData\Local\Temp\playwright-java-12635121006539075792\package\lib\server\chromium\crBrowser.js:346:80)
    at BrowserContextDispatcher.addCookies (C:\Users\nanda\AppData\Local\Temp\playwright-java-12635121006539075792\package\lib\server\dispatchers\browserContextDispatcher.js:230:25)
    at BrowserContextDispatcher._handleCommand (C:\Users\nanda\AppData\Local\Temp\playwright-java-12635121006539075792\package\lib\server\dispatchers\dispatcher.js:88:40)
    at DispatcherConnection.dispatch (C:\Users\nanda\AppData\Local\Temp\playwright-java-12635121006539075792\package\lib\server\dispatchers\dispatcher.js:309:39)
}
at com.microsoft.playwright.impl.Connection.dispatch(Connection.java:262)
at com.microsoft.playwright.impl.Connection.processOneMessage(Connection.java:214)
at com.microsoft.playwright.impl.ChannelOwner.runUntil(ChannelOwner.java:136)
... 30 more
]]>
    </error>
  </testcase> <!-- openBrowsser -->
  <testcase classname="tests.CreateAccountTests" name="verifyCreateAccountElements" time="0.000">
    <skipped/>
  </testcase> <!-- verifyCreateAccountElements -->
  <testcase classname="tests.CreateAccountTests" name="verifyResetPinElements" time="0.000">
    <skipped/>
  </testcase> <!-- verifyResetPinElements -->
</testsuite> <!-- tests.CreateAccountTests -->
