<?xml version="1.0" encoding="UTF-8"?>
<!-- Generated by org.testng.reporters.JUnitReportReporter -->
<testsuite hostname="nandakiran-nfl" failures="1" tests="2" name="tests.LoginPageTests" time="30.489" errors="0" timestamp="2025-09-04T17:57:52 IST" skipped="0">
  <testcase classname="tests.LoginPageTests" name="verifyLoginPageElemets" time="0.162"/>
  <testcase classname="tests.LoginPageTests" name="loginIntoApplication" time="30.327">
    <failure message="The following asserts failed:
	Locator@img.logo element is not found expected [false] but found [true],
	Locator@img.logo+p element is not found expected [false] but found [true],
	Locator@div.india-flag-div&gt;img element is not found expected [false] but found [true],
	Locator@div.india-flag-div&gt;p element is not found expected [false] but found [true],
	Locator@//span[text()=&#039;Login PIN &#039;]/span element is not found expected [false] but found [true],
	Locator@id=contactNumber element is not found expected [false] but found [true],
	Locator@input.otp-input &gt;&gt; nth=0 element is not found expected [false] but found [true],
	Locator@input.otp-input &gt;&gt; nth=1 element is not found expected [false] but found [true],
	Locator@input.otp-input &gt;&gt; nth=2 element is not found expected [false] but found [true],
	Locator@input.otp-input &gt;&gt; nth=3 element is not found expected [false] but found [true],
	Locator@input.otp-input &gt;&gt; nth=4 element is not found expected [false] but found [true],
	Locator@input.otp-input &gt;&gt; nth=5 element is not found expected [false] but found [true],
	Locator@id=btn_login element is not found expected [false] but found [true],
	Locator@span.forgot-pin &gt; a element is not found expected [false] but found [true],
	Locator@//*[contains(text(),&#039;Are you &#039;)] element is not found expected [false] but found [true],
	Locator@//button[text()=&#039;Create New Account&#039;] element is not found expected [false] but found [true],
	Locator@p.newUserText element is not found expected [false] but found [true],
	Locator@a.howToUseText element is not found expected [false] but found [true],
	Locator@div.bg element is not found expected [false] but found [true],
	Locator@internal:text=&quot;Incorrect username or password.&quot;i element is not found." type="java.lang.AssertionError">
      <![CDATA[java.lang.AssertionError: The following asserts failed:
Locator@img.logo element is not found expected [false] but found [true],
Locator@img.logo+p element is not found expected [false] but found [true],
Locator@div.india-flag-div>img element is not found expected [false] but found [true],
Locator@div.india-flag-div>p element is not found expected [false] but found [true],
Locator@//span[text()='Login PIN ']/span element is not found expected [false] but found [true],
Locator@id=contactNumber element is not found expected [false] but found [true],
Locator@input.otp-input >> nth=0 element is not found expected [false] but found [true],
Locator@input.otp-input >> nth=1 element is not found expected [false] but found [true],
Locator@input.otp-input >> nth=2 element is not found expected [false] but found [true],
Locator@input.otp-input >> nth=3 element is not found expected [false] but found [true],
Locator@input.otp-input >> nth=4 element is not found expected [false] but found [true],
Locator@input.otp-input >> nth=5 element is not found expected [false] but found [true],
Locator@id=btn_login element is not found expected [false] but found [true],
Locator@span.forgot-pin > a element is not found expected [false] but found [true],
Locator@//*[contains(text(),'Are you ')] element is not found expected [false] but found [true],
Locator@//button[text()='Create New Account'] element is not found expected [false] but found [true],
Locator@p.newUserText element is not found expected [false] but found [true],
Locator@a.howToUseText element is not found expected [false] but found [true],
Locator@div.bg element is not found expected [false] but found [true],
Locator@internal:text="Incorrect username or password."i element is not found.
at org.testng.asserts.SoftAssert.assertAll(SoftAssert.java:46)
at org.testng.asserts.SoftAssert.assertAll(SoftAssert.java:30)
at generic.WebElementActions.isDisplayed(WebElementActions.java:26)
at repository.LoginPage.loginIntoApplication(LoginPage.java:79)
at tests.LoginPageTests.loginIntoApplication(LoginPageTests.java:38)
at java.base/jdk.internal.reflect.NativeMethodAccessorImpl.invoke0(Native Method)
at java.base/jdk.internal.reflect.NativeMethodAccessorImpl.invoke(NativeMethodAccessorImpl.java:77)
at java.base/jdk.internal.reflect.DelegatingMethodAccessorImpl.invoke(DelegatingMethodAccessorImpl.java:43)
at java.base/java.lang.reflect.Method.invoke(Method.java:568)
at org.testng.internal.invokers.MethodInvocationHelper.invokeMethod(MethodInvocationHelper.java:141)
at org.testng.internal.invokers.TestInvoker.invokeMethod(TestInvoker.java:686)
at org.testng.internal.invokers.TestInvoker.invokeTestMethod(TestInvoker.java:230)
at org.testng.internal.invokers.MethodRunner.runInSequence(MethodRunner.java:63)
at org.testng.internal.invokers.TestInvoker$MethodInvocationAgent.invoke(TestInvoker.java:992)
at org.testng.internal.invokers.TestInvoker.invokeTestMethods(TestInvoker.java:203)
at org.testng.internal.invokers.TestMethodWorker.invokeTestMethods(TestMethodWorker.java:154)
at org.testng.internal.invokers.TestMethodWorker.run(TestMethodWorker.java:134)
at java.base/java.util.ArrayList.forEach(ArrayList.java:1511)
at org.testng.TestRunner.privateRun(TestRunner.java:739)
at org.testng.TestRunner.run(TestRunner.java:614)
at org.testng.SuiteRunner.runTest(SuiteRunner.java:421)
at org.testng.SuiteRunner.runSequentially(SuiteRunner.java:413)
at org.testng.SuiteRunner.privateRun(SuiteRunner.java:373)
at org.testng.SuiteRunner.run(SuiteRunner.java:312)
at org.testng.SuiteRunnerWorker.runSuite(SuiteRunnerWorker.java:52)
at org.testng.SuiteRunnerWorker.run(SuiteRunnerWorker.java:95)
at org.testng.TestNG.runSuitesSequentially(TestNG.java:1274)
at org.testng.TestNG.runSuitesLocally(TestNG.java:1208)
at org.testng.TestNG.runSuites(TestNG.java:1112)
at org.testng.TestNG.run(TestNG.java:1079)
at org.testng.remote.AbstractRemoteTestNG.run(AbstractRemoteTestNG.java:115)
at org.testng.remote.RemoteTestNG.initAndRun(RemoteTestNG.java:293)
at org.testng.remote.RemoteTestNG.main(RemoteTestNG.java:91)
]]>
    </failure>
  </testcase> <!-- loginIntoApplication -->
</testsuite> <!-- tests.LoginPageTests -->
